{"uuid":"58ee3b37-057a-4c86-964b-701e75c7618f","historyId":"1af7ad07c6cce85a8aaa997e4fe950ff","testCaseId":"[engine:junit-jupiter]/[class:com.example.demo1.BaseTest]/[method:login()]","testCaseName":"login()","fullName":"com.example.demo1.BaseTest.login","labels":[{"name":"junit.platform.uniqueid","value":"[engine:junit-jupiter]/[class:com.example.demo1.BaseTest]/[method:login()]"},{"name":"host","value":"192.168.1.110"},{"name":"thread","value":"1573@192.168.1.110.main(1)"},{"name":"framework","value":"junit-platform"},{"name":"language","value":"java"},{"name":"package","value":"com.example.demo1.BaseTest"},{"name":"testClass","value":"com.example.demo1.BaseTest"},{"name":"testMethod","value":"login"},{"name":"suite","value":"com.example.demo1.BaseTest"}],"links":[],"name":"login()","status":"failed","statusDetails":{"known":false,"muted":false,"flaky":false,"message":"Invalid element state [#user_1_]: element click intercepted: Element <svg xmlns=\"http://www.w3.org/2000/svg\" id=\"user_1_\" data-name=\"user (1)\" width=\"16.929\" height=\"20.291\" viewBox=\"0 0 16.929 20.291\">...</svg> is not clickable at point (1070, 25). Other element would receive the click: <div class=\"login-form__background-opacity\"></div>\nScreenshot: file:/Users/testinium/AquaProjects/demo1/build/reports/tests/1674993930481.0.png\nPage source: file:/Users/testinium/AquaProjects/demo1/build/reports/tests/1674993930481.0.html\nTimeout: 4 s.\nCaused by: ElementClickInterceptedException: element click intercepted: Element <svg xmlns=\"http://www.w3.org/2000/svg\" id=\"user_1_\" data-name=\"user (1)\" width=\"16.929\" height=\"20.291\" viewBox=\"0 0 16.929 20.291\">...</svg> is not clickable at point (1070, 25). Other element would receive the click: <div class=\"login-form__background-opacity\"></div>","trace":"Invalid element state [#user_1_]: element click intercepted: Element <svg xmlns=\"http://www.w3.org/2000/svg\" id=\"user_1_\" data-name=\"user (1)\" width=\"16.929\" height=\"20.291\" viewBox=\"0 0 16.929 20.291\">...</svg> is not clickable at point (1070, 25). Other element would receive the click: <div class=\"login-form__background-opacity\"></div>\nScreenshot: file:/Users/testinium/AquaProjects/demo1/build/reports/tests/1674993930481.0.png\nPage source: file:/Users/testinium/AquaProjects/demo1/build/reports/tests/1674993930481.0.html\nTimeout: 4 s.\nCaused by: ElementClickInterceptedException: element click intercepted: Element <svg xmlns=\"http://www.w3.org/2000/svg\" id=\"user_1_\" data-name=\"user (1)\" width=\"16.929\" height=\"20.291\" viewBox=\"0 0 16.929 20.291\">...</svg> is not clickable at point (1070, 25). Other element would receive the click: <div class=\"login-form__background-opacity\"></div>\n\tat com.codeborne.selenide.impl.ExceptionWrapper.wrap(ExceptionWrapper.java:26)\n\tat com.codeborne.selenide.impl.SelenideElementProxy.dispatchAndRetry(SelenideElementProxy.java:151)\n\tat com.codeborne.selenide.impl.SelenideElementProxy.invoke(SelenideElementProxy.java:81)\n\tat com.sun.proxy.$Proxy10.click(Unknown Source)\n\tat com.example.demo1.BaseTest.login(BaseTest.java:29)\n\tat sun.reflect.NativeMethodAccessorImpl.invoke0(Native Method)\n\tat sun.reflect.NativeMethodAccessorImpl.invoke(NativeMethodAccessorImpl.java:62)\n\tat sun.reflect.DelegatingMethodAccessorImpl.invoke(DelegatingMethodAccessorImpl.java:43)\n\tat java.lang.reflect.Method.invoke(Method.java:498)\n\tat org.junit.platform.commons.util.ReflectionUtils.invokeMethod(ReflectionUtils.java:727)\n\tat org.junit.jupiter.engine.execution.MethodInvocation.proceed(MethodInvocation.java:60)\n\tat org.junit.jupiter.engine.execution.InvocationInterceptorChain$ValidatingInvocation.proceed(InvocationInterceptorChain.java:131)\n\tat org.junit.jupiter.engine.extension.TimeoutExtension.intercept(TimeoutExtension.java:156)\n\tat org.junit.jupiter.engine.extension.TimeoutExtension.interceptTestableMethod(TimeoutExtension.java:147)\n\tat org.junit.jupiter.engine.extension.TimeoutExtension.interceptTestMethod(TimeoutExtension.java:86)\n\tat org.junit.jupiter.engine.execution.InterceptingExecutableInvoker$ReflectiveInterceptorCall.lambda$ofVoidMethod$0(InterceptingExecutableInvoker.java:103)\n\tat org.junit.jupiter.engine.execution.InterceptingExecutableInvoker.lambda$invoke$0(InterceptingExecutableInvoker.java:93)\n\tat org.junit.jupiter.engine.execution.InvocationInterceptorChain$InterceptedInvocation.proceed(InvocationInterceptorChain.java:106)\n\tat org.junit.jupiter.engine.execution.InvocationInterceptorChain.proceed(InvocationInterceptorChain.java:64)\n\tat org.junit.jupiter.engine.execution.InvocationInterceptorChain.chainAndInvoke(InvocationInterceptorChain.java:45)\n\tat org.junit.jupiter.engine.execution.InvocationInterceptorChain.invoke(InvocationInterceptorChain.java:37)\n\tat org.junit.jupiter.engine.execution.InterceptingExecutableInvoker.invoke(InterceptingExecutableInvoker.java:92)\n\tat org.junit.jupiter.engine.execution.InterceptingExecutableInvoker.invoke(InterceptingExecutableInvoker.java:86)\n\tat org.junit.jupiter.engine.descriptor.TestMethodTestDescriptor.lambda$invokeTestMethod$7(TestMethodTestDescriptor.java:217)\n\tat org.junit.platform.engine.support.hierarchical.ThrowableCollector.execute(ThrowableCollector.java:73)\n\tat org.junit.jupiter.engine.descriptor.TestMethodTestDescriptor.invokeTestMethod(TestMethodTestDescriptor.java:213)\n\tat org.junit.jupiter.engine.descriptor.TestMethodTestDescriptor.execute(TestMethodTestDescriptor.java:138)\n\tat org.junit.jupiter.engine.descriptor.TestMethodTestDescriptor.execute(TestMethodTestDescriptor.java:68)\n\tat org.junit.platform.engine.support.hierarchical.NodeTestTask.lambda$executeRecursively$6(NodeTestTask.java:151)\n\tat org.junit.platform.engine.support.hierarchical.ThrowableCollector.execute(ThrowableCollector.java:73)\n\tat org.junit.platform.engine.support.hierarchical.NodeTestTask.lambda$executeRecursively$8(NodeTestTask.java:141)\n\tat org.junit.platform.engine.support.hierarchical.Node.around(Node.java:137)\n\tat org.junit.platform.engine.support.hierarchical.NodeTestTask.lambda$executeRecursively$9(NodeTestTask.java:139)\n\tat org.junit.platform.engine.support.hierarchical.ThrowableCollector.execute(ThrowableCollector.java:73)\n\tat org.junit.platform.engine.support.hierarchical.NodeTestTask.executeRecursively(NodeTestTask.java:138)\n\tat org.junit.platform.engine.support.hierarchical.NodeTestTask.execute(NodeTestTask.java:95)\n\tat java.util.ArrayList.forEach(ArrayList.java:1259)\n\tat org.junit.platform.engine.support.hierarchical.SameThreadHierarchicalTestExecutorService.invokeAll(SameThreadHierarchicalTestExecutorService.java:41)\n\tat org.junit.platform.engine.support.hierarchical.NodeTestTask.lambda$executeRecursively$6(NodeTestTask.java:155)\n\tat org.junit.platform.engine.support.hierarchical.ThrowableCollector.execute(ThrowableCollector.java:73)\n\tat org.junit.platform.engine.support.hierarchical.NodeTestTask.lambda$executeRecursively$8(NodeTestTask.java:141)\n\tat org.junit.platform.engine.support.hierarchical.Node.around(Node.java:137)\n\tat org.junit.platform.engine.support.hierarchical.NodeTestTask.lambda$executeRecursively$9(NodeTestTask.java:139)\n\tat org.junit.platform.engine.support.hierarchical.ThrowableCollector.execute(ThrowableCollector.java:73)\n\tat org.junit.platform.engine.support.hierarchical.NodeTestTask.executeRecursively(NodeTestTask.java:138)\n\tat org.junit.platform.engine.support.hierarchical.NodeTestTask.execute(NodeTestTask.java:95)\n\tat java.util.ArrayList.forEach(ArrayList.java:1259)\n\tat org.junit.platform.engine.support.hierarchical.SameThreadHierarchicalTestExecutorService.invokeAll(SameThreadHierarchicalTestExecutorService.java:41)\n\tat org.junit.platform.engine.support.hierarchical.NodeTestTask.lambda$executeRecursively$6(NodeTestTask.java:155)\n\tat org.junit.platform.engine.support.hierarchical.ThrowableCollector.execute(ThrowableCollector.java:73)\n\tat org.junit.platform.engine.support.hierarchical.NodeTestTask.lambda$executeRecursively$8(NodeTestTask.java:141)\n\tat org.junit.platform.engine.support.hierarchical.Node.around(Node.java:137)\n\tat org.junit.platform.engine.support.hierarchical.NodeTestTask.lambda$executeRecursively$9(NodeTestTask.java:139)\n\tat org.junit.platform.engine.support.hierarchical.ThrowableCollector.execute(ThrowableCollector.java:73)\n\tat org.junit.platform.engine.support.hierarchical.NodeTestTask.executeRecursively(NodeTestTask.java:138)\n\tat org.junit.platform.engine.support.hierarchical.NodeTestTask.execute(NodeTestTask.java:95)\n\tat org.junit.platform.engine.support.hierarchical.SameThreadHierarchicalTestExecutorService.submit(SameThreadHierarchicalTestExecutorService.java:35)\n\tat org.junit.platform.engine.support.hierarchical.HierarchicalTestExecutor.execute(HierarchicalTestExecutor.java:57)\n\tat org.junit.platform.engine.support.hierarchical.HierarchicalTestEngine.execute(HierarchicalTestEngine.java:54)\n\tat org.junit.platform.launcher.core.EngineExecutionOrchestrator.execute(EngineExecutionOrchestrator.java:107)\n\tat org.junit.platform.launcher.core.EngineExecutionOrchestrator.execute(EngineExecutionOrchestrator.java:88)\n\tat org.junit.platform.launcher.core.EngineExecutionOrchestrator.lambda$execute$0(EngineExecutionOrchestrator.java:54)\n\tat org.junit.platform.launcher.core.EngineExecutionOrchestrator.withInterceptedStreams(EngineExecutionOrchestrator.java:67)\n\tat org.junit.platform.launcher.core.EngineExecutionOrchestrator.execute(EngineExecutionOrchestrator.java:52)\n\tat org.junit.platform.launcher.core.DefaultLauncher.execute(DefaultLauncher.java:114)\n\tat org.junit.platform.launcher.core.DefaultLauncher.execute(DefaultLauncher.java:86)\n\tat org.junit.platform.launcher.core.DefaultLauncherSession$DelegatingLauncher.execute(DefaultLauncherSession.java:86)\n\tat org.junit.platform.launcher.core.SessionPerRequestLauncher.execute(SessionPerRequestLauncher.java:53)\n\tat com.intellij.junit5.JUnit5IdeaTestRunner.startRunnerWithArgs(JUnit5IdeaTestRunner.java:57)\n\tat com.intellij.rt.junit.IdeaTestRunner$Repeater$1.execute(IdeaTestRunner.java:38)\n\tat com.intellij.rt.execution.junit.TestsRepeater.repeat(TestsRepeater.java:11)\n\tat com.intellij.rt.junit.IdeaTestRunner$Repeater.startRunnerWithArgs(IdeaTestRunner.java:35)\n\tat com.intellij.rt.junit.JUnitStarter.prepareStreamsAndStart(JUnitStarter.java:235)\n\tat com.intellij.rt.junit.JUnitStarter.main(JUnitStarter.java:54)\nCaused by: org.openqa.selenium.ElementClickInterceptedException: element click intercepted: Element <svg xmlns=\"http://www.w3.org/2000/svg\" id=\"user_1_\" data-name=\"user (1)\" width=\"16.929\" height=\"20.291\" viewBox=\"0 0 16.929 20.291\">...</svg> is not clickable at point (1070, 25). Other element would receive the click: <div class=\"login-form__background-opacity\"></div>\n  (Session info: chrome=109.0.5414.119)\nBuild info: version: '4.4.0', revision: 'e5c75ed026a'\nSystem info: host: '192.168.1.110', ip: 'fe80:0:0:0:4e9:4c45:fa2c:b10e%en0', os.name: 'Mac OS X', os.arch: 'x86_64', os.version: '12.5.1', java.version: '1.8.0_351'\nDriver info: org.openqa.selenium.chrome.ChromeDriver\nCommand: [34d7457dae411107b7e1476ddf1e5371, clickElement {id=300f2944-5b22-414b-980b-9819f53b4ab0}]\nCapabilities {acceptInsecureCerts: true, browserName: chrome, browserVersion: 109.0.5414.119, chrome: {chromedriverVersion: 109.0.5414.74 (e7c5703604da..., userDataDir: /var/folders/yk/sdnc04ns1rx...}, goog:chromeOptions: {debuggerAddress: localhost:50423}, networkConnectionEnabled: false, pageLoadStrategy: normal, platformName: MAC, proxy: Proxy(), se:cdp: ws://localhost:50423/devtoo..., se:cdpVersion: 109.0.5414.119, setWindowRect: true, strictFileInteractability: false, timeouts: {implicit: 0, pageLoad: 300000, script: 30000}, unhandledPromptBehavior: accept, webauthn:extension:credBlob: true, webauthn:extension:largeBlob: true, webauthn:virtualAuthenticators: true}\nElement: [[ChromeDriver: chrome on MAC (34d7457dae411107b7e1476ddf1e5371)] -> css selector: #user_1_]\nSession ID: 34d7457dae411107b7e1476ddf1e5371\n\tat sun.reflect.NativeConstructorAccessorImpl.newInstance0(Native Method)\n\tat sun.reflect.NativeConstructorAccessorImpl.newInstance(NativeConstructorAccessorImpl.java:62)\n\tat sun.reflect.DelegatingConstructorAccessorImpl.newInstance(DelegatingConstructorAccessorImpl.java:45)\n\tat java.lang.reflect.Constructor.newInstance(Constructor.java:423)\n\tat org.openqa.selenium.remote.codec.w3c.W3CHttpResponseCodec.createException(W3CHttpResponseCodec.java:200)\n\tat org.openqa.selenium.remote.codec.w3c.W3CHttpResponseCodec.decode(W3CHttpResponseCodec.java:133)\n\tat org.openqa.selenium.remote.codec.w3c.W3CHttpResponseCodec.decode(W3CHttpResponseCodec.java:53)\n\tat org.openqa.selenium.remote.HttpCommandExecutor.execute(HttpCommandExecutor.java:184)\n\tat org.openqa.selenium.remote.service.DriverCommandExecutor.invokeExecute(DriverCommandExecutor.java:167)\n\tat org.openqa.selenium.remote.service.DriverCommandExecutor.execute(DriverCommandExecutor.java:142)\n\tat org.openqa.selenium.remote.RemoteWebDriver.execute(RemoteWebDriver.java:547)\n\tat org.openqa.selenium.remote.RemoteWebElement.execute(RemoteWebElement.java:257)\n\tat org.openqa.selenium.remote.RemoteWebElement.click(RemoteWebElement.java:78)\n\tat com.codeborne.selenide.commands.Click.defaultClick(Click.java:97)\n\tat com.codeborne.selenide.commands.Click.click(Click.java:54)\n\tat com.codeborne.selenide.commands.Click.execute(Click.java:31)\n\tat com.codeborne.selenide.commands.Click.execute(Click.java:21)\n\tat com.codeborne.selenide.commands.Commands.execute(Commands.java:155)\n\tat com.codeborne.selenide.impl.SelenideElementProxy.dispatchAndRetry(SelenideElementProxy.java:129)\n\t... 72 more\n"},"stage":"finished","description":"","steps":[{"name":"$(\"open\") https://www.lcwaikiki.com/tr-TR/TR","status":"passed","stage":"finished","steps":[{"name":"$(\"webdriver\") create()","status":"passed","stage":"finished","steps":[],"attachments":[],"parameters":[],"start":1674993917621,"stop":1674993921611}],"attachments":[],"parameters":[],"start":1674993917556,"stop":1674993923339},{"name":"$(\"svg[id^='user']\") should be(visible)","status":"passed","stage":"finished","steps":[],"attachments":[],"parameters":[],"start":1674993923583,"stop":1674993923708},{"name":"$(\"svg[id^='user']\") click()","status":"passed","stage":"finished","steps":[],"attachments":[],"parameters":[],"start":1674993923708,"stop":1674993924730},{"name":"$(\"input[name='email']\") send keys(rcnkirbiyik@gmail.com)","status":"passed","stage":"finished","steps":[],"attachments":[],"parameters":[],"start":1674993924730,"stop":1674993925274},{"name":"$(\"input[name='password']\") send keys(Ercan30.)","status":"passed","stage":"finished","steps":[],"attachments":[],"parameters":[],"start":1674993925274,"stop":1674993925397},{"name":"$(\"button[class^='login-form']\") click()","status":"passed","stage":"finished","steps":[],"attachments":[],"parameters":[],"start":1674993925397,"stop":1674993925590},{"name":"$(\"#user_1_\") should be(visible)","status":"passed","stage":"finished","steps":[],"attachments":[],"parameters":[],"start":1674993925590,"stop":1674993925617},{"name":"$(\"#user_1_\") click()","status":"failed","statusDetails":{"known":false,"muted":false,"flaky":false,"message":"Invalid element state [#user_1_]: element click intercepted: Element <svg xmlns=\"http://www.w3.org/2000/svg\" id=\"user_1_\" data-name=\"user (1)\" width=\"16.929\" height=\"20.291\" viewBox=\"0 0 16.929 20.291\">...</svg> is not clickable at point (1070, 25). Other element would receive the click: <div class=\"login-form__background-opacity\"></div>\nScreenshot: file:/Users/testinium/AquaProjects/demo1/build/reports/tests/1674993930481.0.png\nPage source: file:/Users/testinium/AquaProjects/demo1/build/reports/tests/1674993930481.0.html\nTimeout: 4 s.\nCaused by: ElementClickInterceptedException: element click intercepted: Element <svg xmlns=\"http://www.w3.org/2000/svg\" id=\"user_1_\" data-name=\"user (1)\" width=\"16.929\" height=\"20.291\" viewBox=\"0 0 16.929 20.291\">...</svg> is not clickable at point (1070, 25). Other element would receive the click: <div class=\"login-form__background-opacity\"></div>","trace":"Invalid element state [#user_1_]: element click intercepted: Element <svg xmlns=\"http://www.w3.org/2000/svg\" id=\"user_1_\" data-name=\"user (1)\" width=\"16.929\" height=\"20.291\" viewBox=\"0 0 16.929 20.291\">...</svg> is not clickable at point (1070, 25). Other element would receive the click: <div class=\"login-form__background-opacity\"></div>\nScreenshot: file:/Users/testinium/AquaProjects/demo1/build/reports/tests/1674993930481.0.png\nPage source: file:/Users/testinium/AquaProjects/demo1/build/reports/tests/1674993930481.0.html\nTimeout: 4 s.\nCaused by: ElementClickInterceptedException: element click intercepted: Element <svg xmlns=\"http://www.w3.org/2000/svg\" id=\"user_1_\" data-name=\"user (1)\" width=\"16.929\" height=\"20.291\" viewBox=\"0 0 16.929 20.291\">...</svg> is not clickable at point (1070, 25). Other element would receive the click: <div class=\"login-form__background-opacity\"></div>\n\tat com.codeborne.selenide.impl.ExceptionWrapper.wrap(ExceptionWrapper.java:26)\n\tat com.codeborne.selenide.impl.SelenideElementProxy.dispatchAndRetry(SelenideElementProxy.java:151)\n\tat com.codeborne.selenide.impl.SelenideElementProxy.invoke(SelenideElementProxy.java:81)\n\tat com.sun.proxy.$Proxy10.click(Unknown Source)\n\tat com.example.demo1.BaseTest.login(BaseTest.java:29)\n\tat sun.reflect.NativeMethodAccessorImpl.invoke0(Native Method)\n\tat sun.reflect.NativeMethodAccessorImpl.invoke(NativeMethodAccessorImpl.java:62)\n\tat sun.reflect.DelegatingMethodAccessorImpl.invoke(DelegatingMethodAccessorImpl.java:43)\n\tat java.lang.reflect.Method.invoke(Method.java:498)\n\tat org.junit.platform.commons.util.ReflectionUtils.invokeMethod(ReflectionUtils.java:727)\n\tat org.junit.jupiter.engine.execution.MethodInvocation.proceed(MethodInvocation.java:60)\n\tat org.junit.jupiter.engine.execution.InvocationInterceptorChain$ValidatingInvocation.proceed(InvocationInterceptorChain.java:131)\n\tat org.junit.jupiter.engine.extension.TimeoutExtension.intercept(TimeoutExtension.java:156)\n\tat org.junit.jupiter.engine.extension.TimeoutExtension.interceptTestableMethod(TimeoutExtension.java:147)\n\tat org.junit.jupiter.engine.extension.TimeoutExtension.interceptTestMethod(TimeoutExtension.java:86)\n\tat org.junit.jupiter.engine.execution.InterceptingExecutableInvoker$ReflectiveInterceptorCall.lambda$ofVoidMethod$0(InterceptingExecutableInvoker.java:103)\n\tat org.junit.jupiter.engine.execution.InterceptingExecutableInvoker.lambda$invoke$0(InterceptingExecutableInvoker.java:93)\n\tat org.junit.jupiter.engine.execution.InvocationInterceptorChain$InterceptedInvocation.proceed(InvocationInterceptorChain.java:106)\n\tat org.junit.jupiter.engine.execution.InvocationInterceptorChain.proceed(InvocationInterceptorChain.java:64)\n\tat org.junit.jupiter.engine.execution.InvocationInterceptorChain.chainAndInvoke(InvocationInterceptorChain.java:45)\n\tat org.junit.jupiter.engine.execution.InvocationInterceptorChain.invoke(InvocationInterceptorChain.java:37)\n\tat org.junit.jupiter.engine.execution.InterceptingExecutableInvoker.invoke(InterceptingExecutableInvoker.java:92)\n\tat org.junit.jupiter.engine.execution.InterceptingExecutableInvoker.invoke(InterceptingExecutableInvoker.java:86)\n\tat org.junit.jupiter.engine.descriptor.TestMethodTestDescriptor.lambda$invokeTestMethod$7(TestMethodTestDescriptor.java:217)\n\tat org.junit.platform.engine.support.hierarchical.ThrowableCollector.execute(ThrowableCollector.java:73)\n\tat org.junit.jupiter.engine.descriptor.TestMethodTestDescriptor.invokeTestMethod(TestMethodTestDescriptor.java:213)\n\tat org.junit.jupiter.engine.descriptor.TestMethodTestDescriptor.execute(TestMethodTestDescriptor.java:138)\n\tat org.junit.jupiter.engine.descriptor.TestMethodTestDescriptor.execute(TestMethodTestDescriptor.java:68)\n\tat org.junit.platform.engine.support.hierarchical.NodeTestTask.lambda$executeRecursively$6(NodeTestTask.java:151)\n\tat org.junit.platform.engine.support.hierarchical.ThrowableCollector.execute(ThrowableCollector.java:73)\n\tat org.junit.platform.engine.support.hierarchical.NodeTestTask.lambda$executeRecursively$8(NodeTestTask.java:141)\n\tat org.junit.platform.engine.support.hierarchical.Node.around(Node.java:137)\n\tat org.junit.platform.engine.support.hierarchical.NodeTestTask.lambda$executeRecursively$9(NodeTestTask.java:139)\n\tat org.junit.platform.engine.support.hierarchical.ThrowableCollector.execute(ThrowableCollector.java:73)\n\tat org.junit.platform.engine.support.hierarchical.NodeTestTask.executeRecursively(NodeTestTask.java:138)\n\tat org.junit.platform.engine.support.hierarchical.NodeTestTask.execute(NodeTestTask.java:95)\n\tat java.util.ArrayList.forEach(ArrayList.java:1259)\n\tat org.junit.platform.engine.support.hierarchical.SameThreadHierarchicalTestExecutorService.invokeAll(SameThreadHierarchicalTestExecutorService.java:41)\n\tat org.junit.platform.engine.support.hierarchical.NodeTestTask.lambda$executeRecursively$6(NodeTestTask.java:155)\n\tat org.junit.platform.engine.support.hierarchical.ThrowableCollector.execute(ThrowableCollector.java:73)\n\tat org.junit.platform.engine.support.hierarchical.NodeTestTask.lambda$executeRecursively$8(NodeTestTask.java:141)\n\tat org.junit.platform.engine.support.hierarchical.Node.around(Node.java:137)\n\tat org.junit.platform.engine.support.hierarchical.NodeTestTask.lambda$executeRecursively$9(NodeTestTask.java:139)\n\tat org.junit.platform.engine.support.hierarchical.ThrowableCollector.execute(ThrowableCollector.java:73)\n\tat org.junit.platform.engine.support.hierarchical.NodeTestTask.executeRecursively(NodeTestTask.java:138)\n\tat org.junit.platform.engine.support.hierarchical.NodeTestTask.execute(NodeTestTask.java:95)\n\tat java.util.ArrayList.forEach(ArrayList.java:1259)\n\tat org.junit.platform.engine.support.hierarchical.SameThreadHierarchicalTestExecutorService.invokeAll(SameThreadHierarchicalTestExecutorService.java:41)\n\tat org.junit.platform.engine.support.hierarchical.NodeTestTask.lambda$executeRecursively$6(NodeTestTask.java:155)\n\tat org.junit.platform.engine.support.hierarchical.ThrowableCollector.execute(ThrowableCollector.java:73)\n\tat org.junit.platform.engine.support.hierarchical.NodeTestTask.lambda$executeRecursively$8(NodeTestTask.java:141)\n\tat org.junit.platform.engine.support.hierarchical.Node.around(Node.java:137)\n\tat org.junit.platform.engine.support.hierarchical.NodeTestTask.lambda$executeRecursively$9(NodeTestTask.java:139)\n\tat org.junit.platform.engine.support.hierarchical.ThrowableCollector.execute(ThrowableCollector.java:73)\n\tat org.junit.platform.engine.support.hierarchical.NodeTestTask.executeRecursively(NodeTestTask.java:138)\n\tat org.junit.platform.engine.support.hierarchical.NodeTestTask.execute(NodeTestTask.java:95)\n\tat org.junit.platform.engine.support.hierarchical.SameThreadHierarchicalTestExecutorService.submit(SameThreadHierarchicalTestExecutorService.java:35)\n\tat org.junit.platform.engine.support.hierarchical.HierarchicalTestExecutor.execute(HierarchicalTestExecutor.java:57)\n\tat org.junit.platform.engine.support.hierarchical.HierarchicalTestEngine.execute(HierarchicalTestEngine.java:54)\n\tat org.junit.platform.launcher.core.EngineExecutionOrchestrator.execute(EngineExecutionOrchestrator.java:107)\n\tat org.junit.platform.launcher.core.EngineExecutionOrchestrator.execute(EngineExecutionOrchestrator.java:88)\n\tat org.junit.platform.launcher.core.EngineExecutionOrchestrator.lambda$execute$0(EngineExecutionOrchestrator.java:54)\n\tat org.junit.platform.launcher.core.EngineExecutionOrchestrator.withInterceptedStreams(EngineExecutionOrchestrator.java:67)\n\tat org.junit.platform.launcher.core.EngineExecutionOrchestrator.execute(EngineExecutionOrchestrator.java:52)\n\tat org.junit.platform.launcher.core.DefaultLauncher.execute(DefaultLauncher.java:114)\n\tat org.junit.platform.launcher.core.DefaultLauncher.execute(DefaultLauncher.java:86)\n\tat org.junit.platform.launcher.core.DefaultLauncherSession$DelegatingLauncher.execute(DefaultLauncherSession.java:86)\n\tat org.junit.platform.launcher.core.SessionPerRequestLauncher.execute(SessionPerRequestLauncher.java:53)\n\tat com.intellij.junit5.JUnit5IdeaTestRunner.startRunnerWithArgs(JUnit5IdeaTestRunner.java:57)\n\tat com.intellij.rt.junit.IdeaTestRunner$Repeater$1.execute(IdeaTestRunner.java:38)\n\tat com.intellij.rt.execution.junit.TestsRepeater.repeat(TestsRepeater.java:11)\n\tat com.intellij.rt.junit.IdeaTestRunner$Repeater.startRunnerWithArgs(IdeaTestRunner.java:35)\n\tat com.intellij.rt.junit.JUnitStarter.prepareStreamsAndStart(JUnitStarter.java:235)\n\tat com.intellij.rt.junit.JUnitStarter.main(JUnitStarter.java:54)\nCaused by: org.openqa.selenium.ElementClickInterceptedException: element click intercepted: Element <svg xmlns=\"http://www.w3.org/2000/svg\" id=\"user_1_\" data-name=\"user (1)\" width=\"16.929\" height=\"20.291\" viewBox=\"0 0 16.929 20.291\">...</svg> is not clickable at point (1070, 25). Other element would receive the click: <div class=\"login-form__background-opacity\"></div>\n  (Session info: chrome=109.0.5414.119)\nBuild info: version: '4.4.0', revision: 'e5c75ed026a'\nSystem info: host: '192.168.1.110', ip: 'fe80:0:0:0:4e9:4c45:fa2c:b10e%en0', os.name: 'Mac OS X', os.arch: 'x86_64', os.version: '12.5.1', java.version: '1.8.0_351'\nDriver info: org.openqa.selenium.chrome.ChromeDriver\nCommand: [34d7457dae411107b7e1476ddf1e5371, clickElement {id=300f2944-5b22-414b-980b-9819f53b4ab0}]\nCapabilities {acceptInsecureCerts: true, browserName: chrome, browserVersion: 109.0.5414.119, chrome: {chromedriverVersion: 109.0.5414.74 (e7c5703604da..., userDataDir: /var/folders/yk/sdnc04ns1rx...}, goog:chromeOptions: {debuggerAddress: localhost:50423}, networkConnectionEnabled: false, pageLoadStrategy: normal, platformName: MAC, proxy: Proxy(), se:cdp: ws://localhost:50423/devtoo..., se:cdpVersion: 109.0.5414.119, setWindowRect: true, strictFileInteractability: false, timeouts: {implicit: 0, pageLoad: 300000, script: 30000}, unhandledPromptBehavior: accept, webauthn:extension:credBlob: true, webauthn:extension:largeBlob: true, webauthn:virtualAuthenticators: true}\nElement: [[ChromeDriver: chrome on MAC (34d7457dae411107b7e1476ddf1e5371)] -> css selector: #user_1_]\nSession ID: 34d7457dae411107b7e1476ddf1e5371\n\tat sun.reflect.NativeConstructorAccessorImpl.newInstance0(Native Method)\n\tat sun.reflect.NativeConstructorAccessorImpl.newInstance(NativeConstructorAccessorImpl.java:62)\n\tat sun.reflect.DelegatingConstructorAccessorImpl.newInstance(DelegatingConstructorAccessorImpl.java:45)\n\tat java.lang.reflect.Constructor.newInstance(Constructor.java:423)\n\tat org.openqa.selenium.remote.codec.w3c.W3CHttpResponseCodec.createException(W3CHttpResponseCodec.java:200)\n\tat org.openqa.selenium.remote.codec.w3c.W3CHttpResponseCodec.decode(W3CHttpResponseCodec.java:133)\n\tat org.openqa.selenium.remote.codec.w3c.W3CHttpResponseCodec.decode(W3CHttpResponseCodec.java:53)\n\tat org.openqa.selenium.remote.HttpCommandExecutor.execute(HttpCommandExecutor.java:184)\n\tat org.openqa.selenium.remote.service.DriverCommandExecutor.invokeExecute(DriverCommandExecutor.java:167)\n\tat org.openqa.selenium.remote.service.DriverCommandExecutor.execute(DriverCommandExecutor.java:142)\n\tat org.openqa.selenium.remote.RemoteWebDriver.execute(RemoteWebDriver.java:547)\n\tat org.openqa.selenium.remote.RemoteWebElement.execute(RemoteWebElement.java:257)\n\tat org.openqa.selenium.remote.RemoteWebElement.click(RemoteWebElement.java:78)\n\tat com.codeborne.selenide.commands.Click.defaultClick(Click.java:97)\n\tat com.codeborne.selenide.commands.Click.click(Click.java:54)\n\tat com.codeborne.selenide.commands.Click.execute(Click.java:31)\n\tat com.codeborne.selenide.commands.Click.execute(Click.java:21)\n\tat com.codeborne.selenide.commands.Commands.execute(Commands.java:155)\n\tat com.codeborne.selenide.impl.SelenideElementProxy.dispatchAndRetry(SelenideElementProxy.java:129)\n\t... 72 more\n"},"stage":"finished","steps":[],"attachments":[{"name":"Screenshot","source":"eefaa38f-596d-44f3-809c-beef2cf1ddda-attachment.png","type":"image/png"},{"name":"Page source","source":"31ebec83-3029-4c06-8779-112d6423e71e-attachment.html","type":"text/html"}],"parameters":[],"start":1674993925617,"stop":1674993931347}],"attachments":[],"parameters":[],"start":1674993917546,"stop":1674993931364}